<?xml version="1.0" encoding="UTF-8"?>
<testsuite xmlns:xsi="http://www.w3.org/2001/XMLSchema-instance" xsi:noNamespaceSchemaLocation="https://maven.apache.org/surefire/maven-surefire-plugin/xsd/surefire-test-report-3.0.xsd" version="3.0" name="com.annimon.stream.ComparatorCompatTest" time="0.024" tests="20" errors="0" skipped="0" failures="0">
  <properties>
[...]
</properties>
  <testcase name="testChain_NameReversedThenCourseThenSpecialityDoubleReversed" classname="com.annimon.stream.ComparatorCompatTest" time="0.009"/>
  <testcase name="testReversedComparator" classname="com.annimon.stream.ComparatorCompatTest" time="0.007"/>
  <testcase name="testChain_NameReversedThenCourseThenSpeciality2" classname="com.annimon.stream.ComparatorCompatTest" time="0.0"/>
  <testcase name="testChain_NameReversedThenCourseThenSpeciality_Deprecation" classname="com.annimon.stream.ComparatorCompatTest" time="0.0"/>
  <testcase name="testComparing" classname="com.annimon.stream.ComparatorCompatTest" time="0.0"/>
  <testcase name="testChain_SpecialityThenCourseThenName" classname="com.annimon.stream.ComparatorCompatTest" time="0.0"/>
  <testcase name="testChain_NameReversedThenCourseThenSpeciality" classname="com.annimon.stream.ComparatorCompatTest" time="0.0"/>
  <testcase name="testComparingDouble" classname="com.annimon.stream.ComparatorCompatTest" time="0.001"/>
  <testcase name="testNullsLastComparator" classname="com.annimon.stream.ComparatorCompatTest" time="0.001"/>
  <testcase name="testNullsFirstComparator" classname="com.annimon.stream.ComparatorCompatTest" time="0.0"/>
  <testcase name="testChain_CourseReversed" classname="com.annimon.stream.ComparatorCompatTest" time="0.0"/>
  <testcase name="testComparingLong" classname="com.annimon.stream.ComparatorCompatTest" time="0.001"/>
  <testcase name="testReverseOrder" classname="com.annimon.stream.ComparatorCompatTest" time="0.0"/>
  <testcase name="testComparingInt" classname="com.annimon.stream.ComparatorCompatTest" time="0.0"/>
  <testcase name="testComparingComparable" classname="com.annimon.stream.ComparatorCompatTest" time="0.0"/>
  <testcase name="testNullsLast" classname="com.annimon.stream.ComparatorCompatTest" time="0.001"/>
  <testcase name="testNaturalOrder" classname="com.annimon.stream.ComparatorCompatTest" time="0.0"/>
  <testcase name="testChain_CourseThenName" classname="com.annimon.stream.ComparatorCompatTest" time="0.0"/>
  <testcase name="testNullsFirst" classname="com.annimon.stream.ComparatorCompatTest" time="0.0"/>
  <testcase name="testThenComparing" classname="com.annimon.stream.ComparatorCompatTest" time="0.0"/>
</testsuite>