<?xml version="1.0" encoding="UTF-8"?>
<testsuite xmlns:xsi="http://www.w3.org/2001/XMLSchema-instance" xsi:noNamespaceSchemaLocation="https://maven.apache.org/surefire/maven-surefire-plugin/xsd/surefire-test-report-3.0.xsd" version="3.0" name="com.annimon.stream.internal.SpinedBufferTest" time="0.006" tests="68" errors="0" skipped="0" failures="0">
  <properties>
[...]
</properties>
  <testcase name="testGetOutOfBounds" classname="com.annimon.stream.internal.SpinedBufferTest" time="0.0"/>
  <testcase name="testLongAccept" classname="com.annimon.stream.internal.SpinedBufferTest" time="0.0"/>
  <testcase name="testEmptyConstructor" classname="com.annimon.stream.internal.SpinedBufferTest" time="0.0"/>
  <testcase name="testLongCopyInto" classname="com.annimon.stream.internal.SpinedBufferTest" time="0.0"/>
  <testcase name="testDoubleToArrayTooBig" classname="com.annimon.stream.internal.SpinedBufferTest" time="0.0"/>
  <testcase name="testOfDoubleConstructorInvalidCapacity" classname="com.annimon.stream.internal.SpinedBufferTest" time="0.0"/>
  <testcase name="testToArray" classname="com.annimon.stream.internal.SpinedBufferTest" time="0.001"/>
  <testcase name="testIteratorRemove" classname="com.annimon.stream.internal.SpinedBufferTest" time="0.0"/>
  <testcase name="testLongChunkForUnreachableEndException" classname="com.annimon.stream.internal.SpinedBufferTest" time="0.0"/>
  <testcase name="testIntChunkForUnreachableEndException" classname="com.annimon.stream.internal.SpinedBufferTest" time="0.0"/>
  <testcase name="testDoubleIterator" classname="com.annimon.stream.internal.SpinedBufferTest" time="0.0"/>
  <testcase name="testClear" classname="com.annimon.stream.internal.SpinedBufferTest" time="0.0"/>
  <testcase name="testCount" classname="com.annimon.stream.internal.SpinedBufferTest" time="0.0"/>
  <testcase name="testEmpty" classname="com.annimon.stream.internal.SpinedBufferTest" time="0.0"/>
  <testcase name="testLongEnsureCapacity" classname="com.annimon.stream.internal.SpinedBufferTest" time="0.0"/>
  <testcase name="testChunkForUnreachableEndException" classname="com.annimon.stream.internal.SpinedBufferTest" time="0.0"/>
  <testcase name="testLongCopyIntoNotFit" classname="com.annimon.stream.internal.SpinedBufferTest" time="0.0"/>
  <testcase name="testDoubleEnsureCapacity" classname="com.annimon.stream.internal.SpinedBufferTest" time="0.0"/>
  <testcase name="testLongGetOutOfBounds2" classname="com.annimon.stream.internal.SpinedBufferTest" time="0.0"/>
  <testcase name="testIntGetOutOfBounds" classname="com.annimon.stream.internal.SpinedBufferTest" time="0.0"/>
  <testcase name="testOfLongEmptyConstructor" classname="com.annimon.stream.internal.SpinedBufferTest" time="0.0"/>
  <testcase name="testDoubleCopyIntoNotFit" classname="com.annimon.stream.internal.SpinedBufferTest" time="0.0"/>
  <testcase name="testIntGetOutOfBounds2" classname="com.annimon.stream.internal.SpinedBufferTest" time="0.0"/>
  <testcase name="testIntToArray" classname="com.annimon.stream.internal.SpinedBufferTest" time="0.0"/>
  <testcase name="testIntIteratorRemove" classname="com.annimon.stream.internal.SpinedBufferTest" time="0.0"/>
  <testcase name="testOfDoubleEmptyConstructor" classname="com.annimon.stream.internal.SpinedBufferTest" time="0.0"/>
  <testcase name="testLongToArrayTooBig" classname="com.annimon.stream.internal.SpinedBufferTest" time="0.0"/>
  <testcase name="testLongIterator" classname="com.annimon.stream.internal.SpinedBufferTest" time="0.0"/>
  <testcase name="testIntCopyInto" classname="com.annimon.stream.internal.SpinedBufferTest" time="0.0"/>
  <testcase name="testGetOutOfBounds2" classname="com.annimon.stream.internal.SpinedBufferTest" time="0.0"/>
  <testcase name="testIntAccept" classname="com.annimon.stream.internal.SpinedBufferTest" time="0.001"/>
  <testcase name="testCopyInto" classname="com.annimon.stream.internal.SpinedBufferTest" time="0.0"/>
  <testcase name="testOfIntEmptyConstructor" classname="com.annimon.stream.internal.SpinedBufferTest" time="0.0"/>
  <testcase name="testConstructorCapacity" classname="com.annimon.stream.internal.SpinedBufferTest" time="0.0"/>
  <testcase name="testOfLongConstructorInvalidCapacity" classname="com.annimon.stream.internal.SpinedBufferTest" time="0.0"/>
  <testcase name="testOfDoubleConstructorCapacity" classname="com.annimon.stream.internal.SpinedBufferTest" time="0.0"/>
  <testcase name="testConstructorInvalidCapacity" classname="com.annimon.stream.internal.SpinedBufferTest" time="0.0"/>
  <testcase name="testEnsureCapacity" classname="com.annimon.stream.internal.SpinedBufferTest" time="0.0"/>
  <testcase name="testDoubleChunkForUnreachableEndException" classname="com.annimon.stream.internal.SpinedBufferTest" time="0.0"/>
  <testcase name="testCopyIntoNotFit" classname="com.annimon.stream.internal.SpinedBufferTest" time="0.0"/>
  <testcase name="testDoubleToArray" classname="com.annimon.stream.internal.SpinedBufferTest" time="0.0"/>
  <testcase name="testLongClear" classname="com.annimon.stream.internal.SpinedBufferTest" time="0.0"/>
  <testcase name="testLongCount" classname="com.annimon.stream.internal.SpinedBufferTest" time="0.0"/>
  <testcase name="testLongEmpty" classname="com.annimon.stream.internal.SpinedBufferTest" time="0.0"/>
  <testcase name="testLongGetOutOfBounds" classname="com.annimon.stream.internal.SpinedBufferTest" time="0.0"/>
  <testcase name="testLongToArray" classname="com.annimon.stream.internal.SpinedBufferTest" time="0.0"/>
  <testcase name="testOfLongConstructorCapacity" classname="com.annimon.stream.internal.SpinedBufferTest" time="0.0"/>
  <testcase name="testOfIntConstructorInvalidCapacity" classname="com.annimon.stream.internal.SpinedBufferTest" time="0.001"/>
  <testcase name="testDoubleGetOutOfBounds" classname="com.annimon.stream.internal.SpinedBufferTest" time="0.0"/>
  <testcase name="testOfIntConstructorCapacity" classname="com.annimon.stream.internal.SpinedBufferTest" time="0.0"/>
  <testcase name="testAccept" classname="com.annimon.stream.internal.SpinedBufferTest" time="0.0"/>
  <testcase name="testIntClear" classname="com.annimon.stream.internal.SpinedBufferTest" time="0.0"/>
  <testcase name="testIntCount" classname="com.annimon.stream.internal.SpinedBufferTest" time="0.0"/>
  <testcase name="testIntEmpty" classname="com.annimon.stream.internal.SpinedBufferTest" time="0.0"/>
  <testcase name="testLongIteratorRemove" classname="com.annimon.stream.internal.SpinedBufferTest" time="0.0"/>
  <testcase name="testDoubleCopyInto" classname="com.annimon.stream.internal.SpinedBufferTest" time="0.0"/>
  <testcase name="testIntEnsureCapacity" classname="com.annimon.stream.internal.SpinedBufferTest" time="0.0"/>
  <testcase name="testIntIterator" classname="com.annimon.stream.internal.SpinedBufferTest" time="0.001"/>
  <testcase name="testDoubleAccept" classname="com.annimon.stream.internal.SpinedBufferTest" time="0.0"/>
  <testcase name="testDoubleIteratorRemove" classname="com.annimon.stream.internal.SpinedBufferTest" time="0.0"/>
  <testcase name="testIntCopyIntoNotFit" classname="com.annimon.stream.internal.SpinedBufferTest" time="0.0"/>
  <testcase name="testIntToArrayTooBig" classname="com.annimon.stream.internal.SpinedBufferTest" time="0.0"/>
  <testcase name="testToArrayTooBig" classname="com.annimon.stream.internal.SpinedBufferTest" time="0.0"/>
  <testcase name="testDoubleGetOutOfBounds2" classname="com.annimon.stream.internal.SpinedBufferTest" time="0.0"/>
  <testcase name="testIterator" classname="com.annimon.stream.internal.SpinedBufferTest" time="0.0"/>
  <testcase name="testDoubleClear" classname="com.annimon.stream.internal.SpinedBufferTest" time="0.0"/>
  <testcase name="testDoubleCount" classname="com.annimon.stream.internal.SpinedBufferTest" time="0.0"/>
  <testcase name="testDoubleEmpty" classname="com.annimon.stream.internal.SpinedBufferTest" time="0.0"/>
</testsuite>