<?xml version="1.0" encoding="UTF-8"?>
<testsuite xmlns:xsi="http://www.w3.org/2001/XMLSchema-instance" xsi:noNamespaceSchemaLocation="https://maven.apache.org/surefire/maven-surefire-plugin/xsd/surefire-test-report-3.0.xsd" version="3.0" name="com.codingkiddo.streams.StreamPlaygroundTest" time="0.049" tests="1" errors="0" skipped="0" failures="0">
  <properties>
[...]
</properties>
  <testcase name="runsMainWithoutErrors" classname="com.codingkiddo.streams.StreamPlaygroundTest" time="0.028">
    <system-out><![CDATA[== Java 8 Streams Complex Examples ==
[Top-2 by region] {EMEA=[EMEA:Tablet=41, EMEA:Laptop=22], AMER=[AMER:Phone=33, AMER:Laptop=27], APAC=[APAC:Phone=35, APAC:Tablet=17]}
[Stats] EMEA avg=24.0 max=41
[Stats] AMER avg=26.333333333333332 max=33
[Stats] APAC avg=21.333333333333332 max=35
[Pairs] (3,5), (5,8), (8,13), (13,21), (21,34)
[Triples] [[3, 5, 8], [5, 8, 13], [8, 13, 21], [13, 21, 34]]
[Left Join] [Ana -> Book, Ana -> Pen, Ben -> <no orders>, Cid -> Bag]
[toMap merge] {Laptop=61, Phone=77, Tablet=77}
[Median] 10.5
[Distinct(region,product)] size=9
[FileStats] total .java lines under '.' = 221
[BigDecimal sum] 31.00
[Batches] [[1, 2, 3, 4, 5], [6, 7, 8, 9, 10], [11, 12, 13, 14, 15], [16, 17, 18, 19, 20], [21, 22, 23]]
== Done ==
]]></system-out>
  </testcase>
</testsuite>